                                                                                                                        
>>>>>>>>>>>>>>>>>>>>>>>>>>>>>>>>>>>>>>>>>>>>>>>>>>>>>>>>>>>>>>>>>>>>>>>>>>>>>>>>>>>>>>>>>>>>>>>>>>>>>>>>>>>>>>>>>>>>>>>>
2024-05-13 21:42:37,641 - INFO - START talking_code =============================================
2024-05-13 21:42:37,641 - INFO - START talking_code Start Time = 2024-05-13 21:42:37
2024-05-13 21:42:37,641 - INFO - talking_code Step 0 - Initialize the configuration file parser
2024-05-13 21:42:37,761 - INFO - Imported existing <module 'comtypes.gen' from 'C:\\Users\\josep\\anaconda3\\lib\\site-packages\\comtypes\\gen\\__init__.py'>
2024-05-13 21:42:37,761 - INFO - Using writeable comtypes cache directory: 'C:\Users\josep\anaconda3\lib\site-packages\comtypes\gen'
2024-05-13 21:42:43,411 - INFO - Process talking_code Step 0 - Initializing and starting Process.
2024-05-13 21:42:58,610 - INFO - Process talking_code Step 1 - Initialize The Text to Speech Engine.
2024-05-13 21:43:08,089 - INFO - Process talking_code Step 2 - Read the Solution documentation.
2024-05-13 21:43:52,747 - INFO - Process talking_code Step 3 - If speaking occurred then this process was successfull - End Process
2024-05-13 21:43:52,766 - INFO - PERFORMANCE talking_code The total process duration was:75.12
2024-05-13 21:43:52,766 - INFO - PERFORMANCE talking_code Stop Time = 2024-05-13 21:43:52
2024-05-13 21:43:52,766 - INFO - PERFORMANCE talking_code Low process duration less than 3 minutes:75.12
2024-05-13 21:43:52,766 - INFO - PERFORMANCE talking_code Performance optimization is optional
2024-05-13 21:43:52,766 - INFO - END talking_code =============================================

<<<<<<<<<<<<<<<<<<<<<<<<<<<<<<<<<<<<<<<<<<<<<<<<<<<<<<<<<<<<<<<<<<<<<<<<<<<<<<<<<<<<<<<<<<<<<<<<<<<<<<<<<<<<<<<<<<<<<<<<
                                                                                                                        
                                                                                                                        
>>>>>>>>>>>>>>>>>>>>>>>>>>>>>>>>>>>>>>>>>>>>>>>>>>>>>>>>>>>>>>>>>>>>>>>>>>>>>>>>>>>>>>>>>>>>>>>>>>>>>>>>>>>>>>>>>>>>>>>>
2024-05-13 21:58:21,100 - INFO - START talking_code =============================================
2024-05-13 21:58:21,100 - INFO - START talking_code Start Time = 2024-05-13 21:58:21
2024-05-13 21:58:21,101 - INFO - talking_code Step 0 - Initialize the configuration file parser
2024-05-13 21:58:21,201 - INFO - Imported existing <module 'comtypes.gen' from 'C:\\Users\\josep\\anaconda3\\lib\\site-packages\\comtypes\\gen\\__init__.py'>
2024-05-13 21:58:21,201 - INFO - Using writeable comtypes cache directory: 'C:\Users\josep\anaconda3\lib\site-packages\comtypes\gen'
2024-05-13 21:58:26,713 - INFO - Process talking_code Step 0 - Initializing and starting Process.
2024-05-13 21:58:31,547 - INFO - Process talking_code Step 1 - Initialize The Text to Speech Engine.
2024-05-13 21:58:42,945 - INFO - Process talking_code Step 3 - If speaking occurred then this process was successfull - End Process
2024-05-13 21:58:42,964 - INFO - PERFORMANCE talking_code The total process duration was:21.86
2024-05-13 21:58:42,964 - INFO - PERFORMANCE talking_code Stop Time = 2024-05-13 21:58:42
2024-05-13 21:58:42,964 - INFO - PERFORMANCE talking_code Low process duration less than 3 minutes:21.86
2024-05-13 21:58:42,964 - INFO - PERFORMANCE talking_code Performance optimization is optional
2024-05-13 21:58:42,964 - INFO - END talking_code =============================================

<<<<<<<<<<<<<<<<<<<<<<<<<<<<<<<<<<<<<<<<<<<<<<<<<<<<<<<<<<<<<<<<<<<<<<<<<<<<<<<<<<<<<<<<<<<<<<<<<<<<<<<<<<<<<<<<<<<<<<<<
                                                                                                                        
                                                                                                                        
>>>>>>>>>>>>>>>>>>>>>>>>>>>>>>>>>>>>>>>>>>>>>>>>>>>>>>>>>>>>>>>>>>>>>>>>>>>>>>>>>>>>>>>>>>>>>>>>>>>>>>>>>>>>>>>>>>>>>>>>
2025-05-14 23:01:31,434 - INFO - START talking_code =============================================
2025-05-14 23:01:31,435 - INFO - START talking_code Start Time = 2025-05-14 23:01:31
2025-05-14 23:01:31,435 - INFO - talking_code Step 0 - Initialize the configuration file parser
2025-05-14 23:01:31,515 - INFO - Imported existing <module 'comtypes.gen' from 'C:\\Users\\josep\\anaconda3\\Lib\\site-packages\\comtypes\\gen\\__init__.py'>
2025-05-14 23:01:31,515 - INFO - Using writeable comtypes cache directory: 'C:\Users\josep\anaconda3\Lib\site-packages\comtypes\gen'
2025-05-14 23:01:31,631 - INFO - Could not import comtypes.gen._C866CA3A_32F7_11D2_9602_00C04F8EE628_0_5_4: Typelib different than module
2025-05-14 23:01:31,631 - INFO - # Generating comtypes.gen._C866CA3A_32F7_11D2_9602_00C04F8EE628_0_5_4
2025-05-14 23:01:31,765 - INFO - # Generating comtypes.gen.SpeechLib
2025-05-14 23:01:37,998 - INFO - Process talking_code Step 0 - Initializing and starting Process.
2025-05-14 23:01:43,025 - INFO - Process talking_code Step 1 - Initialize The Text to Speech Engine.
2025-05-14 23:01:54,832 - INFO - Process talking_code Step 3 - If speaking occurred then this process was successfull - End Process
2025-05-14 23:01:54,850 - INFO - PERFORMANCE talking_code The total process duration was:23.42
2025-05-14 23:01:54,850 - INFO - PERFORMANCE talking_code Stop Time = 2025-05-14 23:01:54
2025-05-14 23:01:54,850 - INFO - PERFORMANCE talking_code Low process duration less than 3 minutes:23.42
2025-05-14 23:01:54,850 - INFO - PERFORMANCE talking_code Performance optimization is optional
2025-05-14 23:01:54,850 - INFO - END talking_code =============================================

<<<<<<<<<<<<<<<<<<<<<<<<<<<<<<<<<<<<<<<<<<<<<<<<<<<<<<<<<<<<<<<<<<<<<<<<<<<<<<<<<<<<<<<<<<<<<<<<<<<<<<<<<<<<<<<<<<<<<<<<
                                                                                                                        
                                                                                                                        
>>>>>>>>>>>>>>>>>>>>>>>>>>>>>>>>>>>>>>>>>>>>>>>>>>>>>>>>>>>>>>>>>>>>>>>>>>>>>>>>>>>>>>>>>>>>>>>>>>>>>>>>>>>>>>>>>>>>>>>>
2025-05-14 23:59:53,066 - INFO - START talking_code =============================================
2025-05-14 23:59:53,066 - INFO - START talking_code Start Time = 2025-05-14 23:59:53
2025-05-14 23:59:53,066 - INFO - talking_code Step 0 - Initialize the configuration file parser
2025-05-14 23:59:53,144 - INFO - Imported existing <module 'comtypes.gen' from 'C:\\Users\\josep\\anaconda3\\Lib\\site-packages\\comtypes\\gen\\__init__.py'>
2025-05-14 23:59:53,144 - INFO - Using writeable comtypes cache directory: 'C:\Users\josep\anaconda3\Lib\site-packages\comtypes\gen'
2025-05-14 23:59:59,080 - INFO - Process talking_code Step 0 - Initializing and starting Process.
2025-05-15 00:00:04,089 - INFO - Process talking_code Step 1 - Initialize The Text to Speech Engine.
2025-05-15 00:00:19,274 - INFO - Process talking_code Step 3 - If speaking occurred then this process was successfull - End Process
2025-05-15 00:00:19,305 - INFO - PERFORMANCE talking_code The total process duration was:26.24
2025-05-15 00:00:19,305 - INFO - PERFORMANCE talking_code Stop Time = 2025-05-15 00:00:19
2025-05-15 00:00:19,305 - INFO - PERFORMANCE talking_code Low process duration less than 3 minutes:26.24
2025-05-15 00:00:19,307 - INFO - PERFORMANCE talking_code Performance optimization is optional
2025-05-15 00:00:19,307 - INFO - END talking_code =============================================

<<<<<<<<<<<<<<<<<<<<<<<<<<<<<<<<<<<<<<<<<<<<<<<<<<<<<<<<<<<<<<<<<<<<<<<<<<<<<<<<<<<<<<<<<<<<<<<<<<<<<<<<<<<<<<<<<<<<<<<<
                                                                                                                        
                                                                                                                        
>>>>>>>>>>>>>>>>>>>>>>>>>>>>>>>>>>>>>>>>>>>>>>>>>>>>>>>>>>>>>>>>>>>>>>>>>>>>>>>>>>>>>>>>>>>>>>>>>>>>>>>>>>>>>>>>>>>>>>>>
2025-05-15 19:45:16,470 - INFO - START talking_code =============================================
2025-05-15 19:45:16,471 - INFO - START talking_code Start Time = 2025-05-15 19:45:16
2025-05-15 19:45:16,471 - INFO - talking_code Step 0 - Initialize the configuration file parser
2025-05-15 19:45:16,547 - INFO - Imported existing <module 'comtypes.gen' from 'C:\\Users\\josep\\anaconda3\\Lib\\site-packages\\comtypes\\gen\\__init__.py'>
2025-05-15 19:45:16,547 - INFO - Using writeable comtypes cache directory: 'C:\Users\josep\anaconda3\Lib\site-packages\comtypes\gen'
2025-05-15 19:45:22,500 - INFO - Process talking_code Step 0 - Initializing and starting Process.
2025-05-15 19:45:27,551 - INFO - Process talking_code Step 1 - Initialize The Text to Speech Engine.
2025-05-15 19:45:42,771 - INFO - Process talking_code Step 3 - If speaking occurred then this process was successfull - End Process
2025-05-15 19:45:42,795 - INFO - PERFORMANCE talking_code The total process duration was:26.33
2025-05-15 19:45:42,795 - INFO - PERFORMANCE talking_code Stop Time = 2025-05-15 19:45:42
2025-05-15 19:45:42,795 - INFO - PERFORMANCE talking_code Low process duration less than 3 minutes:26.33
2025-05-15 19:45:42,795 - INFO - PERFORMANCE talking_code Performance optimization is optional
2025-05-15 19:45:42,795 - INFO - END talking_code =============================================

<<<<<<<<<<<<<<<<<<<<<<<<<<<<<<<<<<<<<<<<<<<<<<<<<<<<<<<<<<<<<<<<<<<<<<<<<<<<<<<<<<<<<<<<<<<<<<<<<<<<<<<<<<<<<<<<<<<<<<<<
                                                                                                                        
                                                                                                                        
>>>>>>>>>>>>>>>>>>>>>>>>>>>>>>>>>>>>>>>>>>>>>>>>>>>>>>>>>>>>>>>>>>>>>>>>>>>>>>>>>>>>>>>>>>>>>>>>>>>>>>>>>>>>>>>>>>>>>>>>
2025-05-15 19:54:37,505 - INFO - START talking_code =============================================
2025-05-15 19:54:37,506 - INFO - START talking_code Start Time = 2025-05-15 19:54:37
2025-05-15 19:54:37,506 - INFO - talking_code Step 0 - Initialize the configuration file parser
2025-05-15 19:54:37,598 - INFO - Imported existing <module 'comtypes.gen' from 'C:\\Users\\josep\\anaconda3\\Lib\\site-packages\\comtypes\\gen\\__init__.py'>
2025-05-15 19:54:37,598 - INFO - Using writeable comtypes cache directory: 'C:\Users\josep\anaconda3\Lib\site-packages\comtypes\gen'
2025-05-15 19:54:43,560 - INFO - Process talking_code Step 0 - Initializing and starting Process.
2025-05-15 19:54:48,572 - INFO - Process talking_code Step 1 - Initialize The Text to Speech Engine.
2025-05-15 19:55:03,739 - INFO - Process talking_code Step 3 - If speaking occurred then this process was successfull - End Process
2025-05-15 19:55:03,755 - INFO - PERFORMANCE talking_code The total process duration was:26.25
2025-05-15 19:55:03,755 - INFO - PERFORMANCE talking_code Stop Time = 2025-05-15 19:55:03
2025-05-15 19:55:03,755 - INFO - PERFORMANCE talking_code Low process duration less than 3 minutes:26.25
2025-05-15 19:55:03,755 - INFO - PERFORMANCE talking_code Performance optimization is optional
2025-05-15 19:55:03,755 - INFO - END talking_code =============================================

<<<<<<<<<<<<<<<<<<<<<<<<<<<<<<<<<<<<<<<<<<<<<<<<<<<<<<<<<<<<<<<<<<<<<<<<<<<<<<<<<<<<<<<<<<<<<<<<<<<<<<<<<<<<<<<<<<<<<<<<
                                                                                                                        
                                                                                                                        
>>>>>>>>>>>>>>>>>>>>>>>>>>>>>>>>>>>>>>>>>>>>>>>>>>>>>>>>>>>>>>>>>>>>>>>>>>>>>>>>>>>>>>>>>>>>>>>>>>>>>>>>>>>>>>>>>>>>>>>>
2025-07-09 21:38:50,023 - INFO - START talking_code =============================================
2025-07-09 21:38:50,023 - INFO - START talking_code Start Time = 2025-07-09 21:38:50
2025-07-09 21:38:50,023 - INFO - talking_code Step 0 - Initialize the configuration file parser
2025-07-09 21:38:50,131 - INFO - Imported existing <module 'comtypes.gen' from 'C:\\Users\\josep\\anaconda3\\Lib\\site-packages\\comtypes\\gen\\__init__.py'>
2025-07-09 21:38:50,131 - INFO - Using writeable comtypes cache directory: 'C:\Users\josep\anaconda3\Lib\site-packages\comtypes\gen'
2025-07-09 21:38:56,127 - INFO - Process talking_code Step 0 - Initializing and starting Process.
2025-07-09 21:39:01,199 - INFO - Process talking_code Step 1 - Initialize The Text to Speech Engine.
2025-07-09 21:39:16,582 - INFO - Process talking_code Step 3 - If speaking occurred then this process was successfull - End Process
2025-07-09 21:39:16,611 - INFO - PERFORMANCE talking_code The total process duration was:26.59
2025-07-09 21:39:16,611 - INFO - PERFORMANCE talking_code Stop Time = 2025-07-09 21:39:16
2025-07-09 21:39:16,611 - INFO - PERFORMANCE talking_code Low process duration less than 3 minutes:26.59
2025-07-09 21:39:16,611 - INFO - PERFORMANCE talking_code Performance optimization is optional
2025-07-09 21:39:16,611 - INFO - END talking_code =============================================

<<<<<<<<<<<<<<<<<<<<<<<<<<<<<<<<<<<<<<<<<<<<<<<<<<<<<<<<<<<<<<<<<<<<<<<<<<<<<<<<<<<<<<<<<<<<<<<<<<<<<<<<<<<<<<<<<<<<<<<<
                                                                                                                        
                                                                                                                        
>>>>>>>>>>>>>>>>>>>>>>>>>>>>>>>>>>>>>>>>>>>>>>>>>>>>>>>>>>>>>>>>>>>>>>>>>>>>>>>>>>>>>>>>>>>>>>>>>>>>>>>>>>>>>>>>>>>>>>>>
2025-07-14 22:23:50,255 - INFO - START talking_code =============================================
2025-07-14 22:23:50,256 - INFO - START talking_code Start Time = 2025-07-14 22:23:50
2025-07-14 22:23:50,256 - INFO - talking_code Step 0 - Initialize the configuration file parser
2025-07-14 22:23:50,355 - INFO - Imported existing <module 'comtypes.gen' from 'C:\\Users\\josep\\anaconda3\\Lib\\site-packages\\comtypes\\gen\\__init__.py'>
2025-07-14 22:23:50,355 - INFO - Using writeable comtypes cache directory: 'C:\Users\josep\anaconda3\Lib\site-packages\comtypes\gen'
2025-07-14 22:23:55,447 - INFO - Process talking_code Step 0 - Initializing and starting Process.
2025-07-14 22:24:00,502 - INFO - Process talking_code Step 1 - Initialize The Text to Speech Engine.
2025-07-14 22:24:15,473 - INFO - Process talking_code Step 3 - If speaking occurred then this process was successfull - End Process
2025-07-14 22:24:37,701 - INFO - PERFORMANCE talking_code The total process duration was:47.45
2025-07-14 22:24:37,701 - INFO - PERFORMANCE talking_code Stop Time = 2025-07-14 22:24:37
2025-07-14 22:24:37,702 - INFO - PERFORMANCE talking_code Low process duration less than 3 minutes:47.45
2025-07-14 22:24:37,702 - INFO - PERFORMANCE talking_code Performance optimization is optional
2025-07-14 22:24:37,702 - INFO - END talking_code =============================================

<<<<<<<<<<<<<<<<<<<<<<<<<<<<<<<<<<<<<<<<<<<<<<<<<<<<<<<<<<<<<<<<<<<<<<<<<<<<<<<<<<<<<<<<<<<<<<<<<<<<<<<<<<<<<<<<<<<<<<<<
                                                                                                                        
                                                                                                                        
>>>>>>>>>>>>>>>>>>>>>>>>>>>>>>>>>>>>>>>>>>>>>>>>>>>>>>>>>>>>>>>>>>>>>>>>>>>>>>>>>>>>>>>>>>>>>>>>>>>>>>>>>>>>>>>>>>>>>>>>
2025-07-14 22:49:22,000 - INFO - START talking_code =============================================
2025-07-14 22:49:22,000 - INFO - START talking_code Start Time = 2025-07-14 22:49:22
2025-07-14 22:49:22,000 - INFO - talking_code Step 0 - Initialize the configuration file parser
2025-07-14 22:49:22,094 - INFO - Imported existing <module 'comtypes.gen' from 'C:\\Users\\josep\\anaconda3\\Lib\\site-packages\\comtypes\\gen\\__init__.py'>
2025-07-14 22:49:22,094 - INFO - Using writeable comtypes cache directory: 'C:\Users\josep\anaconda3\Lib\site-packages\comtypes\gen'
2025-07-14 22:49:27,233 - INFO - Process talking_code Step 0 - Initializing and starting Process.
2025-07-14 22:49:32,205 - INFO - Process talking_code Step 1 - Initialize The Text to Speech Engine.
2025-07-14 22:49:47,168 - INFO - Process talking_code Step 3 - If speaking occurred then this process was successfull - End Process
2025-07-14 22:49:47,882 - INFO - PERFORMANCE talking_code The total process duration was:25.88
2025-07-14 22:49:47,883 - INFO - PERFORMANCE talking_code Stop Time = 2025-07-14 22:49:47
2025-07-14 22:49:47,884 - INFO - PERFORMANCE talking_code Low process duration less than 3 minutes:25.88
2025-07-14 22:49:47,885 - INFO - PERFORMANCE talking_code Performance optimization is optional
2025-07-14 22:49:47,885 - INFO - END talking_code =============================================

<<<<<<<<<<<<<<<<<<<<<<<<<<<<<<<<<<<<<<<<<<<<<<<<<<<<<<<<<<<<<<<<<<<<<<<<<<<<<<<<<<<<<<<<<<<<<<<<<<<<<<<<<<<<<<<<<<<<<<<<
                                                                                                                        
                                                                                                                        
>>>>>>>>>>>>>>>>>>>>>>>>>>>>>>>>>>>>>>>>>>>>>>>>>>>>>>>>>>>>>>>>>>>>>>>>>>>>>>>>>>>>>>>>>>>>>>>>>>>>>>>>>>>>>>>>>>>>>>>>
2025-07-14 22:56:52,484 - INFO - START talking_code =============================================
2025-07-14 22:56:52,485 - INFO - START talking_code Start Time = 2025-07-14 22:56:52
2025-07-14 22:56:52,485 - INFO - talking_code Step 0 - Initialize the configuration file parser
2025-07-14 22:56:52,560 - INFO - Imported existing <module 'comtypes.gen' from 'C:\\Users\\josep\\anaconda3\\Lib\\site-packages\\comtypes\\gen\\__init__.py'>
2025-07-14 22:56:52,560 - INFO - Using writeable comtypes cache directory: 'C:\Users\josep\anaconda3\Lib\site-packages\comtypes\gen'
2025-07-14 22:56:57,652 - INFO - Process talking_code Step 0 - Initializing and starting Process.
2025-07-14 22:57:02,630 - INFO - Process talking_code Step 1 - Initialize The Text to Speech Engine.
2025-07-14 22:57:17,557 - INFO - Process talking_code Step 3 - If speaking occurred then this process was successfull - End Process
2025-07-14 22:57:18,259 - INFO - PERFORMANCE talking_code The total process duration was:25.78
2025-07-14 22:57:18,260 - INFO - PERFORMANCE talking_code Stop Time = 2025-07-14 22:57:18
2025-07-14 22:57:18,261 - INFO - PERFORMANCE talking_code Low process duration less than 3 minutes:25.78
2025-07-14 22:57:18,261 - INFO - PERFORMANCE talking_code Performance optimization is optional
2025-07-14 22:57:18,261 - INFO - END talking_code =============================================

<<<<<<<<<<<<<<<<<<<<<<<<<<<<<<<<<<<<<<<<<<<<<<<<<<<<<<<<<<<<<<<<<<<<<<<<<<<<<<<<<<<<<<<<<<<<<<<<<<<<<<<<<<<<<<<<<<<<<<<<
                                                                                                                        
                                                                                                                        
>>>>>>>>>>>>>>>>>>>>>>>>>>>>>>>>>>>>>>>>>>>>>>>>>>>>>>>>>>>>>>>>>>>>>>>>>>>>>>>>>>>>>>>>>>>>>>>>>>>>>>>>>>>>>>>>>>>>>>>>
2025-07-15 06:54:54,806 - INFO - START talking_code =============================================
2025-07-15 06:54:54,807 - INFO - START talking_code Start Time = 2025-07-15 06:54:54
2025-07-15 06:54:54,807 - INFO - talking_code Step 0 - Initialize the configuration file parser
2025-07-15 06:54:54,900 - INFO - Imported existing <module 'comtypes.gen' from 'C:\\Users\\josep\\anaconda3\\Lib\\site-packages\\comtypes\\gen\\__init__.py'>
2025-07-15 06:54:54,901 - INFO - Using writeable comtypes cache directory: 'C:\Users\josep\anaconda3\Lib\site-packages\comtypes\gen'
2025-07-15 06:55:00,020 - INFO - Process talking_code Step 0 - Initializing and starting Process.
2025-07-15 06:55:04,995 - INFO - Process talking_code Step 1 - Initialize The Text to Speech Engine.
2025-07-15 06:55:19,963 - INFO - Process talking_code Step 3 - If speaking occurred then this process was successfull - End Process
2025-07-15 06:55:20,486 - INFO - PERFORMANCE talking_code The total process duration was:25.68
2025-07-15 06:55:20,486 - INFO - PERFORMANCE talking_code Stop Time = 2025-07-15 06:55:20
2025-07-15 06:55:20,486 - INFO - PERFORMANCE talking_code Low process duration less than 3 minutes:25.68
2025-07-15 06:55:20,486 - INFO - PERFORMANCE talking_code Performance optimization is optional
2025-07-15 06:55:20,486 - INFO - END talking_code =============================================

<<<<<<<<<<<<<<<<<<<<<<<<<<<<<<<<<<<<<<<<<<<<<<<<<<<<<<<<<<<<<<<<<<<<<<<<<<<<<<<<<<<<<<<<<<<<<<<<<<<<<<<<<<<<<<<<<<<<<<<<
                                                                                                                        
                                                                                                                        
>>>>>>>>>>>>>>>>>>>>>>>>>>>>>>>>>>>>>>>>>>>>>>>>>>>>>>>>>>>>>>>>>>>>>>>>>>>>>>>>>>>>>>>>>>>>>>>>>>>>>>>>>>>>>>>>>>>>>>>>
2025-07-15 07:06:27,582 - INFO - START talking_code =============================================
2025-07-15 07:06:27,582 - INFO - START talking_code Start Time = 2025-07-15 07:06:27
2025-07-15 07:06:27,582 - INFO - talking_code Step 0 - Initialize the configuration file parser
2025-07-15 07:06:27,669 - INFO - Imported existing <module 'comtypes.gen' from 'C:\\Users\\josep\\anaconda3\\Lib\\site-packages\\comtypes\\gen\\__init__.py'>
2025-07-15 07:06:27,669 - INFO - Using writeable comtypes cache directory: 'C:\Users\josep\anaconda3\Lib\site-packages\comtypes\gen'
2025-07-15 07:06:32,767 - INFO - Process talking_code Step 0 - Initializing and starting Process.
2025-07-15 07:06:37,875 - INFO - Process talking_code Step 1 - Initialize The Text to Speech Engine.
2025-07-15 07:06:52,846 - INFO - Process talking_code Step 3 - If speaking occurred then this process was successfull - End Process
2025-07-15 07:06:53,555 - INFO - PERFORMANCE talking_code The total process duration was:25.97
2025-07-15 07:06:53,556 - INFO - PERFORMANCE talking_code Stop Time = 2025-07-15 07:06:53
2025-07-15 07:06:53,556 - INFO - PERFORMANCE talking_code Low process duration less than 3 minutes:25.97
2025-07-15 07:06:53,556 - INFO - PERFORMANCE talking_code Performance optimization is optional
2025-07-15 07:06:53,556 - INFO - END talking_code =============================================

<<<<<<<<<<<<<<<<<<<<<<<<<<<<<<<<<<<<<<<<<<<<<<<<<<<<<<<<<<<<<<<<<<<<<<<<<<<<<<<<<<<<<<<<<<<<<<<<<<<<<<<<<<<<<<<<<<<<<<<<
                                                                                                                        
                                                                                                                        
>>>>>>>>>>>>>>>>>>>>>>>>>>>>>>>>>>>>>>>>>>>>>>>>>>>>>>>>>>>>>>>>>>>>>>>>>>>>>>>>>>>>>>>>>>>>>>>>>>>>>>>>>>>>>>>>>>>>>>>>
2025-07-15 07:14:50,238 - INFO - START talking_code =============================================
2025-07-15 07:14:50,239 - INFO - START talking_code Start Time = 2025-07-15 07:14:50
2025-07-15 07:14:50,239 - INFO - talking_code Step 0 - Initialize the configuration file parser
2025-07-15 07:14:50,327 - INFO - Imported existing <module 'comtypes.gen' from 'C:\\Users\\josep\\anaconda3\\Lib\\site-packages\\comtypes\\gen\\__init__.py'>
2025-07-15 07:14:50,327 - INFO - Using writeable comtypes cache directory: 'C:\Users\josep\anaconda3\Lib\site-packages\comtypes\gen'
2025-07-15 07:14:55,490 - INFO - Process talking_code Step 0 - Initializing and starting Process.
2025-07-15 07:15:00,468 - INFO - Process talking_code Step 1 - Initialize The Text to Speech Engine.
2025-07-15 07:15:15,458 - INFO - Process talking_code Step 3 - If speaking occurred then this process was successfull - End Process
2025-07-15 07:15:16,242 - INFO - PERFORMANCE talking_code The total process duration was:26.01
2025-07-15 07:15:16,242 - INFO - PERFORMANCE talking_code Stop Time = 2025-07-15 07:15:16
2025-07-15 07:15:16,243 - INFO - PERFORMANCE talking_code Low process duration less than 3 minutes:26.01
2025-07-15 07:15:16,243 - INFO - PERFORMANCE talking_code Performance optimization is optional
2025-07-15 07:15:16,243 - INFO - END talking_code =============================================

<<<<<<<<<<<<<<<<<<<<<<<<<<<<<<<<<<<<<<<<<<<<<<<<<<<<<<<<<<<<<<<<<<<<<<<<<<<<<<<<<<<<<<<<<<<<<<<<<<<<<<<<<<<<<<<<<<<<<<<<
                                                                                                                        
                                                                                                                        
>>>>>>>>>>>>>>>>>>>>>>>>>>>>>>>>>>>>>>>>>>>>>>>>>>>>>>>>>>>>>>>>>>>>>>>>>>>>>>>>>>>>>>>>>>>>>>>>>>>>>>>>>>>>>>>>>>>>>>>>
2025-07-15 07:18:10,363 - INFO - START talking_code =============================================
2025-07-15 07:18:10,363 - INFO - START talking_code Start Time = 2025-07-15 07:18:10
2025-07-15 07:18:10,363 - INFO - talking_code Step 0 - Initialize the configuration file parser
2025-07-15 07:18:10,460 - INFO - Imported existing <module 'comtypes.gen' from 'C:\\Users\\josep\\anaconda3\\Lib\\site-packages\\comtypes\\gen\\__init__.py'>
2025-07-15 07:18:10,461 - INFO - Using writeable comtypes cache directory: 'C:\Users\josep\anaconda3\Lib\site-packages\comtypes\gen'
2025-07-15 07:18:15,558 - INFO - Process talking_code Step 0 - Initializing and starting Process.
2025-07-15 07:18:20,613 - INFO - Process talking_code Step 1 - Initialize The Text to Speech Engine.
2025-07-15 07:18:35,602 - INFO - Process talking_code Step 3 - If speaking occurred then this process was successfull - End Process
2025-07-15 07:18:36,303 - INFO - PERFORMANCE talking_code The total process duration was:25.94
2025-07-15 07:18:36,308 - INFO - PERFORMANCE talking_code Stop Time = 2025-07-15 07:18:36
2025-07-15 07:18:36,308 - INFO - PERFORMANCE talking_code Low process duration less than 3 minutes:25.94
2025-07-15 07:18:36,308 - INFO - PERFORMANCE talking_code Performance optimization is optional
2025-07-15 07:18:36,309 - INFO - END talking_code =============================================

<<<<<<<<<<<<<<<<<<<<<<<<<<<<<<<<<<<<<<<<<<<<<<<<<<<<<<<<<<<<<<<<<<<<<<<<<<<<<<<<<<<<<<<<<<<<<<<<<<<<<<<<<<<<<<<<<<<<<<<<
                                                                                                                        
                                                                                                                        
>>>>>>>>>>>>>>>>>>>>>>>>>>>>>>>>>>>>>>>>>>>>>>>>>>>>>>>>>>>>>>>>>>>>>>>>>>>>>>>>>>>>>>>>>>>>>>>>>>>>>>>>>>>>>>>>>>>>>>>>
2025-07-15 07:26:52,976 - INFO - START talking_code =============================================
2025-07-15 07:26:52,977 - INFO - START talking_code Start Time = 2025-07-15 07:26:52
2025-07-15 07:26:52,977 - INFO - talking_code Step 0 - Initialize the configuration file parser
2025-07-15 07:26:53,065 - INFO - Imported existing <module 'comtypes.gen' from 'C:\\Users\\josep\\anaconda3\\Lib\\site-packages\\comtypes\\gen\\__init__.py'>
2025-07-15 07:26:53,065 - INFO - Using writeable comtypes cache directory: 'C:\Users\josep\anaconda3\Lib\site-packages\comtypes\gen'
2025-07-15 07:26:58,244 - INFO - Process talking_code Step 0 - Initializing and starting Process.
2025-07-15 07:27:03,293 - INFO - Process talking_code Step 1 - Initialize The Text to Speech Engine.
2025-07-15 07:27:18,221 - INFO - Process talking_code Step 3 - If speaking occurred then this process was successfull - End Process
2025-07-15 07:27:18,945 - INFO - PERFORMANCE talking_code The total process duration was:25.97
2025-07-15 07:27:18,945 - INFO - PERFORMANCE talking_code Stop Time = 2025-07-15 07:27:18
2025-07-15 07:27:18,946 - INFO - PERFORMANCE talking_code Low process duration less than 3 minutes:25.97
2025-07-15 07:27:18,946 - INFO - PERFORMANCE talking_code Performance optimization is optional
2025-07-15 07:27:18,946 - INFO - END talking_code =============================================

<<<<<<<<<<<<<<<<<<<<<<<<<<<<<<<<<<<<<<<<<<<<<<<<<<<<<<<<<<<<<<<<<<<<<<<<<<<<<<<<<<<<<<<<<<<<<<<<<<<<<<<<<<<<<<<<<<<<<<<<
                                                                                                                        
                                                                                                                        
>>>>>>>>>>>>>>>>>>>>>>>>>>>>>>>>>>>>>>>>>>>>>>>>>>>>>>>>>>>>>>>>>>>>>>>>>>>>>>>>>>>>>>>>>>>>>>>>>>>>>>>>>>>>>>>>>>>>>>>>
2025-07-15 07:58:56,586 - INFO - START talking_code =============================================
2025-07-15 07:58:56,587 - INFO - START talking_code Start Time = 2025-07-15 07:58:56
2025-07-15 07:58:56,587 - INFO - talking_code Step 0 - Initialize the configuration file parser
2025-07-15 07:58:56,675 - INFO - Imported existing <module 'comtypes.gen' from 'C:\\Users\\josep\\anaconda3\\Lib\\site-packages\\comtypes\\gen\\__init__.py'>
2025-07-15 07:58:56,675 - INFO - Using writeable comtypes cache directory: 'C:\Users\josep\anaconda3\Lib\site-packages\comtypes\gen'
2025-07-15 07:59:01,837 - INFO - Process talking_code Step 0 - Initializing and starting Process.
2025-07-15 07:59:06,815 - INFO - Process talking_code Step 1 - Initialize The Text to Speech Engine.
2025-07-15 07:59:21,775 - INFO - Process talking_code Step 3 - If speaking occurred then this process was successfull - End Process
2025-07-15 07:59:22,451 - INFO - PERFORMANCE talking_code The total process duration was:25.87
2025-07-15 07:59:22,452 - INFO - PERFORMANCE talking_code Stop Time = 2025-07-15 07:59:22
2025-07-15 07:59:22,452 - INFO - PERFORMANCE talking_code Low process duration less than 3 minutes:25.87
2025-07-15 07:59:22,452 - INFO - PERFORMANCE talking_code Performance optimization is optional
2025-07-15 07:59:22,452 - INFO - END talking_code =============================================

<<<<<<<<<<<<<<<<<<<<<<<<<<<<<<<<<<<<<<<<<<<<<<<<<<<<<<<<<<<<<<<<<<<<<<<<<<<<<<<<<<<<<<<<<<<<<<<<<<<<<<<<<<<<<<<<<<<<<<<<
                                                                                                                        
                                                                                                                        
>>>>>>>>>>>>>>>>>>>>>>>>>>>>>>>>>>>>>>>>>>>>>>>>>>>>>>>>>>>>>>>>>>>>>>>>>>>>>>>>>>>>>>>>>>>>>>>>>>>>>>>>>>>>>>>>>>>>>>>>
2025-07-15 20:27:23,018 - INFO - START talking_code =============================================
2025-07-15 20:27:23,018 - INFO - START talking_code Start Time = 2025-07-15 20:27:23
2025-07-15 20:27:23,018 - INFO - talking_code Step 0 - Initialize the configuration file parser
2025-07-15 20:27:23,121 - INFO - Imported existing <module 'comtypes.gen' from 'C:\\Users\\josep\\anaconda3\\Lib\\site-packages\\comtypes\\gen\\__init__.py'>
2025-07-15 20:27:23,129 - INFO - Using writeable comtypes cache directory: 'C:\Users\josep\anaconda3\Lib\site-packages\comtypes\gen'
2025-07-15 20:27:28,329 - INFO - Process talking_code Step 0 - Initializing and starting Process.
2025-07-15 20:27:33,387 - INFO - Process talking_code Step 1 - Initialize The Text to Speech Engine.
2025-07-15 20:27:48,320 - INFO - Process talking_code Step 3 - If speaking occurred then this process was successfull - End Process
2025-07-15 20:27:49,025 - INFO - PERFORMANCE talking_code The total process duration was:26.01
2025-07-15 20:27:49,025 - INFO - PERFORMANCE talking_code Stop Time = 2025-07-15 20:27:49
2025-07-15 20:27:49,027 - INFO - PERFORMANCE talking_code Low process duration less than 3 minutes:26.01
2025-07-15 20:27:49,027 - INFO - PERFORMANCE talking_code Performance optimization is optional
2025-07-15 20:27:49,027 - INFO - END talking_code =============================================

<<<<<<<<<<<<<<<<<<<<<<<<<<<<<<<<<<<<<<<<<<<<<<<<<<<<<<<<<<<<<<<<<<<<<<<<<<<<<<<<<<<<<<<<<<<<<<<<<<<<<<<<<<<<<<<<<<<<<<<<
                                                                                                                        
                                                                                                                        
>>>>>>>>>>>>>>>>>>>>>>>>>>>>>>>>>>>>>>>>>>>>>>>>>>>>>>>>>>>>>>>>>>>>>>>>>>>>>>>>>>>>>>>>>>>>>>>>>>>>>>>>>>>>>>>>>>>>>>>>
2025-07-15 21:19:36,166 - INFO - START talking_code =============================================
2025-07-15 21:19:36,166 - INFO - START talking_code Start Time = 2025-07-15 21:19:36
2025-07-15 21:19:36,166 - INFO - talking_code Step 0 - Initialize the configuration file parser
2025-07-15 21:19:36,262 - INFO - Imported existing <module 'comtypes.gen' from 'C:\\Users\\josep\\anaconda3\\Lib\\site-packages\\comtypes\\gen\\__init__.py'>
2025-07-15 21:19:36,262 - INFO - Using writeable comtypes cache directory: 'C:\Users\josep\anaconda3\Lib\site-packages\comtypes\gen'
2025-07-15 21:19:41,456 - INFO - Process talking_code Step 0 - Initializing and starting Process.
2025-07-15 21:19:46,498 - INFO - Process talking_code Step 1 - Initialize The Text to Speech Engine.
2025-07-15 21:20:01,476 - INFO - Process talking_code Step 3 - If speaking occurred then this process was successfull - End Process
2025-07-15 21:20:02,161 - INFO - PERFORMANCE talking_code The total process duration was:25.99
2025-07-15 21:20:02,162 - INFO - PERFORMANCE talking_code Stop Time = 2025-07-15 21:20:02
2025-07-15 21:20:02,162 - INFO - PERFORMANCE talking_code Low process duration less than 3 minutes:25.99
2025-07-15 21:20:02,162 - INFO - PERFORMANCE talking_code Performance optimization is optional
2025-07-15 21:20:02,162 - INFO - END talking_code =============================================

<<<<<<<<<<<<<<<<<<<<<<<<<<<<<<<<<<<<<<<<<<<<<<<<<<<<<<<<<<<<<<<<<<<<<<<<<<<<<<<<<<<<<<<<<<<<<<<<<<<<<<<<<<<<<<<<<<<<<<<<
                                                                                                                        
                                                                                                                        
>>>>>>>>>>>>>>>>>>>>>>>>>>>>>>>>>>>>>>>>>>>>>>>>>>>>>>>>>>>>>>>>>>>>>>>>>>>>>>>>>>>>>>>>>>>>>>>>>>>>>>>>>>>>>>>>>>>>>>>>
2025-07-18 10:23:40,349 - INFO - START talking_code =============================================
2025-07-18 10:23:40,349 - INFO - START talking_code Start Time = 2025-07-18 10:23:40
2025-07-18 10:23:40,349 - INFO - talking_code Step 0 - Initialize the configuration file parser
2025-07-18 10:23:40,435 - INFO - Imported existing <module 'comtypes.gen' from 'C:\\Users\\josep\\anaconda3\\Lib\\site-packages\\comtypes\\gen\\__init__.py'>
2025-07-18 10:23:40,435 - INFO - Using writeable comtypes cache directory: 'C:\Users\josep\anaconda3\Lib\site-packages\comtypes\gen'
2025-07-18 10:23:46,375 - INFO - Process talking_code Step 0 - Initializing and starting Process.
2025-07-18 10:23:51,569 - INFO - Process talking_code Step 1 - Initialize The Text to Speech Engine.
2025-07-18 10:24:06,831 - INFO - Process talking_code Step 3 - If speaking occurred then this process was successfull - End Process
2025-07-18 10:24:07,431 - INFO - PERFORMANCE talking_code The total process duration was:27.08
2025-07-18 10:24:07,431 - INFO - PERFORMANCE talking_code Stop Time = 2025-07-18 10:24:07
2025-07-18 10:24:07,431 - INFO - PERFORMANCE talking_code Low process duration less than 3 minutes:27.08
2025-07-18 10:24:07,431 - INFO - PERFORMANCE talking_code Performance optimization is optional
2025-07-18 10:24:07,431 - INFO - END talking_code =============================================

<<<<<<<<<<<<<<<<<<<<<<<<<<<<<<<<<<<<<<<<<<<<<<<<<<<<<<<<<<<<<<<<<<<<<<<<<<<<<<<<<<<<<<<<<<<<<<<<<<<<<<<<<<<<<<<<<<<<<<<<
                                                                                                                        
                                                                                                                        
>>>>>>>>>>>>>>>>>>>>>>>>>>>>>>>>>>>>>>>>>>>>>>>>>>>>>>>>>>>>>>>>>>>>>>>>>>>>>>>>>>>>>>>>>>>>>>>>>>>>>>>>>>>>>>>>>>>>>>>>
2025-07-18 11:15:39,920 - INFO - START talking_code =============================================
2025-07-18 11:15:39,920 - INFO - START talking_code Start Time = 2025-07-18 11:15:39
2025-07-18 11:15:39,920 - INFO - talking_code Step 0 - Initialize the configuration file parser
2025-07-18 11:15:40,031 - INFO - Imported existing <module 'comtypes.gen' from 'C:\\Users\\josep\\anaconda3\\Lib\\site-packages\\comtypes\\gen\\__init__.py'>
2025-07-18 11:15:40,031 - INFO - Using writeable comtypes cache directory: 'C:\Users\josep\anaconda3\Lib\site-packages\comtypes\gen'
2025-07-18 11:15:46,432 - INFO - Process talking_code Step 0 - Initializing and starting Process.
2025-07-18 11:15:51,583 - INFO - Process talking_code Step 1 - Initialize The Text to Speech Engine.
2025-07-18 11:16:06,918 - INFO - Process talking_code Step 3 - If speaking occurred then this process was successfull - End Process
2025-07-18 11:16:07,554 - INFO - PERFORMANCE talking_code The total process duration was:27.64
2025-07-18 11:16:07,554 - INFO - PERFORMANCE talking_code Stop Time = 2025-07-18 11:16:07
2025-07-18 11:16:07,554 - INFO - PERFORMANCE talking_code Low process duration less than 3 minutes:27.64
2025-07-18 11:16:07,557 - INFO - PERFORMANCE talking_code Performance optimization is optional
2025-07-18 11:16:07,557 - INFO - END talking_code =============================================

<<<<<<<<<<<<<<<<<<<<<<<<<<<<<<<<<<<<<<<<<<<<<<<<<<<<<<<<<<<<<<<<<<<<<<<<<<<<<<<<<<<<<<<<<<<<<<<<<<<<<<<<<<<<<<<<<<<<<<<<
                                                                                                                        
                                                                                                                        
>>>>>>>>>>>>>>>>>>>>>>>>>>>>>>>>>>>>>>>>>>>>>>>>>>>>>>>>>>>>>>>>>>>>>>>>>>>>>>>>>>>>>>>>>>>>>>>>>>>>>>>>>>>>>>>>>>>>>>>>
2025-07-29 20:01:18,738 - INFO - START talking_code =============================================
2025-07-29 20:01:18,738 - INFO - START talking_code Start Time = 2025-07-29 20:01:18
2025-07-29 20:01:18,738 - INFO - talking_code Step 0 - Initialize the configuration file parser
2025-07-29 20:01:18,832 - INFO - Imported existing <module 'comtypes.gen' from 'C:\\Users\\josep\\anaconda3\\Lib\\site-packages\\comtypes\\gen\\__init__.py'>
2025-07-29 20:01:18,832 - INFO - Using writeable comtypes cache directory: 'C:\Users\josep\anaconda3\Lib\site-packages\comtypes\gen'
2025-07-29 20:01:24,803 - INFO - Process talking_code Step 0 - Initializing and starting Process.
2025-07-29 20:01:29,922 - INFO - Process talking_code Step 1 - Initialize The Text to Speech Engine.
2025-07-29 20:01:45,236 - INFO - Process talking_code Step 3 - If speaking occurred then this process was successfull - End Process
2025-07-29 20:01:46,019 - INFO - PERFORMANCE talking_code The total process duration was:27.28
2025-07-29 20:01:46,019 - INFO - PERFORMANCE talking_code Stop Time = 2025-07-29 20:01:46
2025-07-29 20:01:46,019 - INFO - PERFORMANCE talking_code Low process duration less than 3 minutes:27.28
2025-07-29 20:01:46,019 - INFO - PERFORMANCE talking_code Performance optimization is optional
2025-07-29 20:01:46,019 - INFO - END talking_code =============================================

<<<<<<<<<<<<<<<<<<<<<<<<<<<<<<<<<<<<<<<<<<<<<<<<<<<<<<<<<<<<<<<<<<<<<<<<<<<<<<<<<<<<<<<<<<<<<<<<<<<<<<<<<<<<<<<<<<<<<<<<
                                                                                                                        
